#-----------------------------------------------------------
# xsim v2021.1 (64-bit)
# SW Build 3247384 on Thu Jun 10 19:36:33 MDT 2021
# IP Build 3246043 on Fri Jun 11 00:30:35 MDT 2021
# Start of session at: Sat May 16 21:07:54 2026
# Process ID: 4432
# Current directory: C:/FPGA/DDR_arb/DDR_Arbitrator
# Command line: xsim.exe -mode tcl -source {xsim.dir/work.tb_ddr4_controller_mock#work.glbl/xsim_script.tcl}
# Log file: C:/FPGA/DDR_arb/DDR_Arbitrator/xsim.log
# Journal file: C:/FPGA/DDR_arb/DDR_Arbitrator\xsim.jou
#-----------------------------------------------------------
source xsim.dir/work.tb_ddr4_controller_mock#work.glbl/xsim_script.tcl
# xsim {work.tb_ddr4_controller_mock#work.glbl} -autoloadwcfg -runall
Time resolution is 1 ps
run -all
DDR controller mock log: tb_ddr4_controller_mock.log
DDR mock test config: views=2/2320 scoreboard=queue worst_check=0 slices/view=128 beats/slice=182 payload_beats/slice=180 view_beats=23296 period_cycles=46400
Info: [XPM_MEMORY 20-1] MEMORY_PRIMITIVE (0) instructs Vivado Synthesis to choose the memory primitive type. Depending on their values, other XPM_MEMORY parameters may preclude the choice of certain memory primitive types. Review XPM_MEMORY documentation and parameter values to understand any limitations, or set MEMORY_PRIMITIVE to a different value. tb_ddr4_controller_mock.dut.ddr_wr_fifo_uut.\gnuram_async_fifo.xpm_fifo_base_inst .\gen_sdpram.xpm_memory_base_inst .config_drc
Time: 1 ps  Iteration: 0  Process: /tb_ddr4_controller_mock/dut/ddr_wr_fifo_uut/gnuram_async_fifo.xpm_fifo_base_inst/gen_sdpram.xpm_memory_base_inst/Initial296_33  Scope: tb_ddr4_controller_mock.dut.ddr_wr_fifo_uut.\gnuram_async_fifo.xpm_fifo_base_inst .\gen_sdpram.xpm_memory_base_inst .config_drc  File: D:/Xilinx/Vivado/2021.1/data/ip/xpm/xpm_memory/hdl/xpm_memory.sv Line: 490
Info: [XPM_MEMORY 20-1] MEMORY_PRIMITIVE (0) instructs Vivado Synthesis to choose the memory primitive type. Depending on their values, other XPM_MEMORY parameters may preclude the choice of certain memory primitive types. Review XPM_MEMORY documentation and parameter values to understand any limitations, or set MEMORY_PRIMITIVE to a different value. tb_ddr4_controller_mock.dut.ddr_rd_fifo_uut.\gnuram_async_fifo.xpm_fifo_base_inst .\gen_sdpram.xpm_memory_base_inst .config_drc
Time: 1 ps  Iteration: 0  Process: /tb_ddr4_controller_mock/dut/ddr_rd_fifo_uut/gnuram_async_fifo.xpm_fifo_base_inst/gen_sdpram.xpm_memory_base_inst/Initial296_33  Scope: tb_ddr4_controller_mock.dut.ddr_rd_fifo_uut.\gnuram_async_fifo.xpm_fifo_base_inst .\gen_sdpram.xpm_memory_base_inst .config_drc  File: D:/Xilinx/Vivado/2021.1/data/ip/xpm/xpm_memory/hdl/xpm_memory.sv Line: 490
DDR controller mock slice test passed: views=2 sent=46592 received=46592 read_cmds=46592 write_cmds=46592 urgent_read_events=1
$finish called at time : 1403242500 ps : File "C:/FPGA/DDR_arb/DDR_Arbitrator/native/sim/tb_ddr4_controller_mock.sv" Line 549
run: Time (s): cpu = 00:00:02 ; elapsed = 00:00:16 . Memory (MB): peak = 1064.848 ; gain = 0.000
exit
INFO: [Common 17-206] Exiting xsim at Sat May 16 21:08:12 2026...
